<?xml version="1.0" encoding="UTF-8" ?>
<testsuite errors="0" failures="0" hostname="Kirsten-MSI" name="tests.SpaceTraderTests" tests="4" time="0.155" timestamp="2012-11-15T22:03:13">
  <properties>
    <property name="java.vendor" value="Oracle Corporation" />
    <property name="sun.java.launcher" value="SUN_STANDARD" />
    <property name="eclipse.pdebuild.templates" value="/C:/Users/Kirsten/Documents/eclipse/plugins/org.eclipse.pde.build_3.8.1.v20120725-202643/templates/" />
    <property name="sun.management.compiler" value="HotSpot 64-Bit Tiered Compilers" />
    <property name="os.name" value="Windows 7" />
    <property name="sun.boot.class.path" value="C:\Program Files\Java\jre7\lib\resources.jar;C:\Program Files\Java\jre7\lib\rt.jar;C:\Program Files\Java\jre7\lib\sunrsasign.jar;C:\Program Files\Java\jre7\lib\jsse.jar;C:\Program Files\Java\jre7\lib\jce.jar;C:\Program Files\Java\jre7\lib\charsets.jar;C:\Program Files\Java\jre7\classes" />
    <property name="apidoc.dir" value="apidoc" />
    <property name="sun.desktop" value="windows" />
    <property name="java.vm.specification.vendor" value="Oracle Corporation" />
    <property name="ant.home" value="C:\Users\Kirsten\Documents\eclipse\plugins\org.apache.ant_1.8.3.v20120321-1730" />
    <property name="java.runtime.version" value="1.7.0-b147" />
    <property name="user.name" value="Kirsten" />
    <property name="build.dir" value="build" />
    <property name="user.language" value="en" />
    <property name="sun.boot.library.path" value="C:\Program Files\Java\jre7\bin" />
    <property name="ant.project.default-target" value="all" />
    <property name="ant.project.name" value="Space Trader" />
    <property name="java.version" value="1.7.0" />
    <property name="user.timezone" value="" />
    <property name="sun.arch.data.model" value="64" />
    <property name="java.endorsed.dirs" value="C:\Program Files\Java\jre7\lib\endorsed" />
    <property name="sun.cpu.isalist" value="amd64" />
    <property name="sun.jnu.encoding" value="Cp1252" />
    <property name="file.encoding.pkg" value="sun.io" />
    <property name="file.separator" value="\" />
    <property name="java.specification.name" value="Java Platform API Specification" />
    <property name="java.class.version" value="51.0" />
    <property name="user.country" value="US" />
    <property name="java.home" value="C:\Program Files\Java\jre7" />
    <property name="java.vm.info" value="mixed mode" />
    <property name="ant.file" value="C:\Users\Kirsten\workspace\Space Trader\build.xml" />
    <property name="os.version" value="6.1" />
    <property name="path.separator" value=";" />
    <property name="java.vm.version" value="21.0-b17" />
    <property name="user.variant" value="" />
    <property name="ant.library.dir" value="C:\Users\Kirsten\Documents\eclipse\plugins\org.apache.ant_1.8.3.v20120321-1730\lib" />
    <property name="java.awt.printerjob" value="sun.awt.windows.WPrinterJob" />
    <property name="sun.io.unicode.encoding" value="UnicodeLittle" />
    <property name="awt.toolkit" value="sun.awt.windows.WToolkit" />
    <property name="user.script" value="" />
    <property name="eclipse.pdebuild.scripts" value="/C:/Users/Kirsten/Documents/eclipse/plugins/org.eclipse.pde.build_3.8.1.v20120725-202643/scripts/" />
    <property name="user.home" value="C:\Users\Kirsten" />
    <property name="ant.file.Space Trader" value="C:\Users\Kirsten\workspace\Space Trader\build.xml" />
    <property name="java.specification.vendor" value="Oracle Corporation" />
    <property name="ant.file.type.Space Trader" value="file" />
    <property name="test.dir" value="tests" />
    <property name="junit.dir" value="junit-results" />
    <property name="java.library.path" value="C:\Program Files\Java\jre7\bin;C:\windows\Sun\Java\bin;C:\windows\system32;C:\windows;C:\Program Files (x86)\Microsoft DirectX 9.0 SDK (August 2005)\Utilities\Bin\x86;C:\Program Files (x86)\NVIDIA Corporation\PhysX\Common;C:\Users\Kirsten\gcc\bin;C:\Users\Kirsten\gcc\libexec\gcc\x86_64-w64-mingw32\4.8.0;C:\Program Files\Common Files\Microsoft Shared\Windows Live;C:\Program Files (x86)\Common Files\Microsoft Shared\Windows Live;C:\Program Files (x86)\Intel\iCLS Client\;C:\Program Files\Intel\iCLS Client\;C:\windows\system32;C:\windows;C:\windows\System32\Wbem;C:\windows\System32\WindowsPowerShell\v1.0\;C:\Program Files\Intel\Intel(R) Management Engine Components\DAL;C:\Program Files\Intel\Intel(R) Management Engine Components\IPT;C:\Program Files (x86)\Intel\Intel(R) Management Engine Components\DAL;C:\Program Files (x86)\Intel\Intel(R) Management Engine Components\IPT;C:\Program Files (x86)\Intel\OpenCL SDK\2.0\bin\x86;C:\Program Files (x86)\Intel\OpenCL SDK\2.0\bin\x64;C:\Program Files\Intel\WiFi\bin\;C:\Program Files\Common Files\Intel\WirelessCommon\;C:\Program Files (x86)\Windows Live\Shared;C:\Program Files\Java\jdk1.7.0/bin;." />
    <property name="java.vendor.url" value="http://java.oracle.com/" />
    <property name="java.vm.vendor" value="Oracle Corporation" />
    <property name="java.runtime.name" value="Java(TM) SE Runtime Environment" />
    <property name="sun.java.command" value="org.apache.tools.ant.taskdefs.optional.junit.JUnitTestRunner tests.SpaceTraderTests filtertrace=true haltOnError=true haltOnFailure=true formatter=org.apache.tools.ant.taskdefs.optional.junit.SummaryJUnitResultFormatter showoutput=true outputtoformatters=true logfailedtests=true logtestlistenerevents=false formatter=org.apache.tools.ant.taskdefs.optional.junit.XMLJUnitResultFormatter,C:\Users\Kirsten\workspace\Space Trader\junit-results\TEST-tests.SpaceTraderTests.xml crashfile=C:\Users\Kirsten\workspace\Space Trader\junitvmwatcher3690750995612146214.properties propsfile=C:\Users\Kirsten\workspace\Space Trader\junit6938075751368051787.properties" />
    <property name="java.class.path" value="C:\Users\Kirsten\workspace\Space Trader\build;C:\Users\Kirsten\workspace\Space Trader\lib\junit.jar;C:\Users\Kirsten\Documents\eclipse\plugins\org.apache.ant_1.8.3.v20120321-1730\lib\ant-launcher.jar;C:\Users\Kirsten\Documents\eclipse\plugins\org.apache.ant_1.8.3.v20120321-1730\lib\ant.jar;C:\Users\Kirsten\Documents\eclipse\plugins\org.apache.ant_1.8.3.v20120321-1730\lib\ant-junit.jar;C:\Users\Kirsten\Documents\eclipse\plugins\org.apache.ant_1.8.3.v20120321-1730\lib\ant-junit4.jar" />
    <property name="ant.version" value="Apache Ant(TM) version 1.8.3 compiled on February 26 2012" />
    <property name="test.class" value="tests.SpaceTraderTests" />
    <property name="java.vm.specification.name" value="Java Virtual Machine Specification" />
    <property name="java.vm.specification.version" value="1.7" />
    <property name="junit.jar" value="lib/junit.jar" />
    <property name="sun.cpu.endian" value="little" />
    <property name="sun.os.patch.level" value="Service Pack 1" />
    <property name="eclipse.pdebuild.home" value="/C:/Users/Kirsten/Documents/eclipse/plugins/org.eclipse.pde.build_3.8.1.v20120725-202643/./" />
    <property name="java.io.tmpdir" value="C:\Users\Kirsten\AppData\Local\Temp\" />
    <property name="java.vendor.url.bug" value="http://bugreport.sun.com/bugreport/" />
    <property name="os.arch" value="amd64" />
    <property name="java.awt.graphicsenv" value="sun.awt.Win32GraphicsEnvironment" />
    <property name="java.ext.dirs" value="C:\Program Files\Java\jre7\lib\ext;C:\windows\Sun\Java\lib\ext" />
    <property name="user.dir" value="C:\Users\Kirsten\workspace\Space Trader" />
    <property name="line.separator" value="&#xd;&#xa;" />
    <property name="java.vm.name" value="Java HotSpot(TM) 64-Bit Server VM" />
    <property name="basedir" value="C:\Users\Kirsten\workspace\Space Trader" />
    <property name="ant.java.version" value="1.7" />
    <property name="ant.core.lib" value="C:\Users\Kirsten\Documents\eclipse\plugins\org.apache.ant_1.8.3.v20120321-1730\lib\ant.jar" />
    <property name="file.encoding" value="Cp1252" />
    <property name="java.specification.version" value="1.7" />
    <property name="src.dir" value="src" />
    <property name="ant.project.invoked-targets" value="all" />
  </properties>
  <testcase classname="tests.SpaceTraderTests" name="AddingToCraftTest" time="0.096" />
  <testcase classname="tests.SpaceTraderTests" name="CanFlyTest" time="0.001" />
  <testcase classname="tests.SpaceTraderTests" name="FillingFuelTest" time="0.0" />
  <testcase classname="tests.SpaceTraderTests" name="CanSpendMoneyTest" time="0.001" />
  <system-out><![CDATA[]]></system-out>
  <system-err><![CDATA[]]></system-err>
</testsuite>
